\BOOKMARK [1][-]{section.1}{Introduction}{}% 1
\BOOKMARK [1][-]{section.2}{Preliminaries}{}% 2
\BOOKMARK [2][-]{subsection.2.1}{Citing MPAgenomics}{section.2}% 3
\BOOKMARK [2][-]{subsection.2.2}{Installation}{section.2}% 4
\BOOKMARK [1][-]{section.3}{Starting example}{}% 5
\BOOKMARK [2][-]{subsection.3.1}{Download a toy data-set}{section.3}% 6
\BOOKMARK [2][-]{subsection.3.2}{Use of the main functions of the package}{section.3}% 7
\BOOKMARK [2][-]{subsection.3.3}{To go further\203}{section.3}% 8
\BOOKMARK [1][-]{section.4}{Data Normalization}{}% 9
\BOOKMARK [2][-]{subsection.4.1}{Folder architecture}{section.4}% 10
\BOOKMARK [2][-]{subsection.4.2}{Normalization process}{section.4}% 11
\BOOKMARK [2][-]{subsection.4.3}{Accessing the copy-number, allele B fraction and genotype}{section.4}% 12
\BOOKMARK [2][-]{subsection.4.4}{Usage}{section.4}% 13
\BOOKMARK [1][-]{section.5}{Segmentation}{}% 14
\BOOKMARK [2][-]{subsection.5.1}{From data normalized by aroma}{section.5}% 15
\BOOKMARK [2][-]{subsection.5.2}{For any data provided in matrices}{section.5}% 16
\BOOKMARK [2][-]{subsection.5.3}{To go further}{section.5}% 17
\BOOKMARK [3][-]{subsubsection.5.3.1}{Choice of the number of segments for cghseg}{subsection.5.3}% 18
\BOOKMARK [3][-]{subsubsection.5.3.2}{Choice of the number of segments for PELT}{subsection.5.3}% 19
\BOOKMARK [1][-]{section.6}{Calling aberrations in copy-number profiles}{}% 20
\BOOKMARK [2][-]{subsection.6.1}{From data normalized by aroma}{section.6}% 21
\BOOKMARK [2][-]{subsection.6.2}{For any data provided in matrices}{section.6}% 22
\BOOKMARK [2][-]{subsection.6.3}{filterSeg function}{section.6}% 23
\BOOKMARK [1][-]{section.7}{Selection of genomic markers}{}% 24
\BOOKMARK [2][-]{subsection.7.1}{From data normalized by aroma}{section.7}% 25
\BOOKMARK [2][-]{subsection.7.2}{For any data provided in matrices}{section.7}% 26
\BOOKMARK [2][-]{subsection.7.3}{To go further}{section.7}% 27
